<?xml version="1.0" encoding="utf-8" standalone="no"?>
<!--This file represents the results of running a test suite-->
<test-results name="C:\Users\vermegi\Documents\Training\Rake\GettingStartedWithRake\src\A.Simple.App\A.Simple.TestProject\bin\Release\A.Simple.TestProject.dll" total="4" errors="0" failures="0" not-run="0" inconclusive="0" ignored="0" skipped="0" invalid="0" date="2012-07-02" time="23:28:24">
  <environment nunit-version="2.6.0.12051" clr-version="2.0.50727.5448" os-version="Microsoft Windows NT 6.1.7601 Service Pack 1" platform="Win32NT" cwd="C:\Users\vermegi\Documents\Training\Rake\GettingStartedWithRake\src\Build" machine-name="W7-009460" user="vermegi" user-domain="ICONOS" />
  <culture-info current-culture="nl-BE" current-uiculture="en-US" />
  <test-suite type="Assembly" name="C:\Users\vermegi\Documents\Training\Rake\GettingStartedWithRake\src\A.Simple.App\A.Simple.TestProject\bin\Release\A.Simple.TestProject.dll" executed="True" result="Success" success="True" time="0.917" asserts="0">
    <results>
      <test-suite type="Namespace" name="A" executed="True" result="Success" success="True" time="0.894" asserts="0">
        <results>
          <test-suite type="Namespace" name="Simple" executed="True" result="Success" success="True" time="0.894" asserts="0">
            <results>
              <test-suite type="Namespace" name="TestProject" executed="True" result="Success" success="True" time="0.893" asserts="0">
                <results>
                  <test-suite type="Namespace" name="Given_Home" executed="True" result="Success" success="True" time="0.195" asserts="0">
                    <results>
                      <test-suite type="TestFixture" name="When_Index_is_called" executed="True" result="Success" success="True" time="0.192" asserts="0">
                        <results>
                          <test-case name="A.Simple.TestProject.Given_Home.When_Index_is_called.Should_return_the_view" executed="True" result="Success" success="True" time="0.140" asserts="0" />
                        </results>
                      </test-suite>
                    </results>
                  </test-suite>
                  <test-suite type="Namespace" name="Given_People" executed="True" result="Success" success="True" time="0.679" asserts="0">
                    <results>
                      <test-suite type="TestFixture" name="When_Index_is_called" executed="True" result="Success" success="True" time="0.677" asserts="0">
                        <results>
                          <test-case name="A.Simple.TestProject.Given_People.When_Index_is_called.Should_get_the_people_from_the_service" executed="True" result="Success" success="True" time="0.021" asserts="0" />
                          <test-case name="A.Simple.TestProject.Given_People.When_Index_is_called.Should_put_the_people_in_the_model" executed="True" result="Success" success="True" time="0.002" asserts="0" />
                          <test-case name="A.Simple.TestProject.Given_People.When_Index_is_called.Should_return_the_view" executed="True" result="Success" success="True" time="0.000" asserts="0" />
                        </results>
                      </test-suite>
                    </results>
                  </test-suite>
                </results>
              </test-suite>
            </results>
          </test-suite>
        </results>
      </test-suite>
    </results>
  </test-suite>
</test-results>